{"numFailedTestSuites":0,"numFailedTests":0,"numPassedTestSuites":2,"numPassedTests":5,"numPendingTestSuites":0,"numPendingTests":0,"numRuntimeErrorTestSuites":0,"numTotalTestSuites":2,"numTotalTests":5,"openHandles":[],"snapshot":{"added":0,"didUpdate":false,"failure":false,"filesAdded":0,"filesRemoved":0,"filesUnmatched":0,"filesUpdated":0,"matched":0,"total":0,"unchecked":0,"uncheckedKeysByFile":[],"unmatched":0,"updated":0},"startTime":1568613658585,"success":true,"testResults":[{"console":null,"failureMessage":null,"numFailingTests":0,"numPassingTests":4,"numPendingTests":0,"perfStats":{"end":1568613659325,"start":1568613659037},"snapshot":{"added":0,"fileDeleted":false,"matched":0,"unchecked":0,"unmatched":0,"updated":0,"uncheckedKeys":[]},"testFilePath":"/Users/danny/code/elevation/tests/stacks-queues-lesson-exercises-solutions/tests/exercises/ex-1.test.js","testResults":[{"ancestorTitles":["Exercise 1"],"duration":6,"failureMessages":[],"fullName":"Exercise 1 Should create a `push` method which adds a new element to the top of the stack","location":null,"numPassingAsserts":0,"status":"passed","title":"Should create a `push` method which adds a new element to the top of the stack"},{"ancestorTitles":["Exercise 1"],"duration":5,"failureMessages":[],"fullName":"Exercise 1 Should create a `peek` method which returns the top element of the stack","location":null,"numPassingAsserts":0,"status":"passed","title":"Should create a `peek` method which returns the top element of the stack"},{"ancestorTitles":["Exercise 1"],"duration":11,"failureMessages":[],"fullName":"Exercise 1 Should create a `pop` method which removes the top element of the stack (and returns it)","location":null,"numPassingAsserts":0,"status":"passed","title":"Should create a `pop` method which removes the top element of the stack (and returns it)"},{"ancestorTitles":["Exercise 1"],"duration":5,"failureMessages":[],"fullName":"Exercise 1 Should create an `isEmpty` method which returns `true` if teh stack is empty and `false` otherwise","location":null,"numPassingAsserts":0,"status":"passed","title":"Should create an `isEmpty` method which returns `true` if teh stack is empty and `false` otherwise"}],"sourceMaps":{},"skipped":false,"leaks":false},{"console":null,"failureMessage":null,"numFailingTests":0,"numPassingTests":1,"numPendingTests":0,"perfStats":{"end":1568613659381,"start":1568613659336},"snapshot":{"added":0,"fileDeleted":false,"matched":0,"unchecked":0,"unmatched":0,"updated":0,"uncheckedKeys":[]},"testFilePath":"/Users/danny/code/elevation/tests/stacks-queues-lesson-exercises-solutions/tests/spot-check-1/ex-1.test.js","testResults":[{"ancestorTitles":["exercise1"],"duration":3,"failureMessages":[],"fullName":"exercise1 should pass","location":null,"numPassingAsserts":0,"status":"passed","title":"should pass"}],"sourceMaps":{},"skipped":false,"leaks":false}],"wasInterrupted":false}